2020-11-07 18:07:49.038  INFO 12244 --- [restartedMain] c.usy.personblog.PersonblogApplication   : Starting PersonblogApplication on 0K5YNYWQQ47RTA5 with PID 12244 (G:\CongZhenJie\personblog\target\classes started by Administrator in G:\CongZhenJie\personblog)
2020-11-07 18:07:49.085  INFO 12244 --- [restartedMain] c.usy.personblog.PersonblogApplication   : No active profile set, falling back to default profiles: default
2020-11-07 18:07:49.328  INFO 12244 --- [restartedMain] .e.DevToolsPropertyDefaultsPostProcessor : Devtools property defaults active! Set 'spring.devtools.add-properties' to 'false' to disable
2020-11-07 18:07:49.329  INFO 12244 --- [restartedMain] .e.DevToolsPropertyDefaultsPostProcessor : For additional web related logging consider setting the 'logging.level.web' property to 'DEBUG'
2020-11-07 18:07:51.010  INFO 12244 --- [restartedMain] .s.d.r.c.RepositoryConfigurationDelegate : Bootstrapping Spring Data JDBC repositories in DEFAULT mode.
2020-11-07 18:07:51.057  INFO 12244 --- [restartedMain] .s.d.r.c.RepositoryConfigurationDelegate : Finished Spring Data repository scanning in 32ms. Found 0 JDBC repository interfaces.
2020-11-07 18:07:51.951  INFO 12244 --- [restartedMain] o.s.b.w.embedded.tomcat.TomcatWebServer  : Tomcat initialized with port(s): 6240 (http)
2020-11-07 18:07:51.958  INFO 12244 --- [restartedMain] o.apache.catalina.core.StandardService   : Starting service [Tomcat]
2020-11-07 18:07:51.959  INFO 12244 --- [restartedMain] org.apache.catalina.core.StandardEngine  : Starting Servlet engine: [Apache Tomcat/9.0.38]
2020-11-07 18:07:52.141  INFO 12244 --- [restartedMain] o.a.c.c.C.[Tomcat].[localhost].[/]       : Initializing Spring embedded WebApplicationContext
2020-11-07 18:07:52.141  INFO 12244 --- [restartedMain] w.s.c.ServletWebServerApplicationContext : Root WebApplicationContext: initialization completed in 2812 ms
2020-11-07 18:07:53.564  INFO 12244 --- [restartedMain] o.s.s.concurrent.ThreadPoolTaskExecutor  : Initializing ExecutorService 'applicationTaskExecutor'
2020-11-07 18:07:53.737  INFO 12244 --- [restartedMain] o.s.b.a.w.s.WelcomePageHandlerMapping    : Adding welcome page template: index
2020-11-07 18:07:54.167  INFO 12244 --- [restartedMain] com.zaxxer.hikari.HikariDataSource       : HikariPool-1 - Starting...
2020-11-07 18:07:55.106  INFO 12244 --- [restartedMain] com.zaxxer.hikari.HikariDataSource       : HikariPool-1 - Start completed.
2020-11-07 18:07:55.706  INFO 12244 --- [restartedMain] o.s.b.d.a.OptionalLiveReloadServer       : LiveReload server is running on port 35729
2020-11-07 18:07:55.809  INFO 12244 --- [restartedMain] o.s.b.w.embedded.tomcat.TomcatWebServer  : Tomcat started on port(s): 6240 (http) with context path ''
2020-11-07 18:07:55.837  INFO 12244 --- [restartedMain] c.usy.personblog.PersonblogApplication   : Started PersonblogApplication in 7.734 seconds (JVM running for 11.791)
2020-11-07 18:08:10.219  INFO 12244 --- [http-nio-6240-exec-1] o.a.c.c.C.[Tomcat].[localhost].[/]       : Initializing Spring DispatcherServlet 'dispatcherServlet'
2020-11-07 18:08:10.220  INFO 12244 --- [http-nio-6240-exec-1] o.s.web.servlet.DispatcherServlet        : Initializing Servlet 'dispatcherServlet'
2020-11-07 18:08:10.233  INFO 12244 --- [http-nio-6240-exec-1] o.s.web.servlet.DispatcherServlet        : Completed initialization in 13 ms
2020-11-07 18:08:10.304  INFO 12244 --- [http-nio-6240-exec-1] com.usy.personblog.aspect.LogAspect      : Request : RequestLog{url='http://localhost:6240/', ip='null', classMethod='com.usy.personblog.controller.indexController.getBlogList', args=[1, 6, {blog=Blog{id=null, user=null, appreciation=null, commentable=null, createTime=null, firstPicture='null', flag='null', published=null, recommend=null, shareStatement=null, title='null', updateTime=null, views=null, typeId=null, userId=null, tagIds='null', description='null', content='null', type=null, tags=[]}, org.springframework.validation.BindingResult.blog=org.springframework.validation.BeanPropertyBindingResult: 0 errors}, Blog{id=null, user=null, appreciation=null, commentable=null, createTime=null, firstPicture='null', flag='null', published=null, recommend=null, shareStatement=null, title='null', updateTime=null, views=null, typeId=null, userId=null, tagIds='null', description='null', content='null', type=null, tags=[]}]}
2020-11-07 18:08:10.596  INFO 12244 --- [http-nio-6240-exec-1] com.usy.personblog.aspect.LogAspect      : Result : index
2020-11-07 18:08:10.596  INFO 12244 --- [http-nio-6240-exec-1] com.usy.personblog.aspect.LogAspect      : ---deAfter
2020-11-07 18:08:16.012  INFO 12244 --- [http-nio-6240-exec-5] com.usy.personblog.aspect.LogAspect      : Request : RequestLog{url='http://localhost:6240/blog/types/-1', ip='null', classMethod='com.usy.personblog.controller.TypeController.blogType', args=[1, 4, -1, {}]}
2020-11-07 18:08:16.043  INFO 12244 --- [http-nio-6240-exec-5] com.usy.personblog.aspect.LogAspect      : Result : types
2020-11-07 18:08:16.043  INFO 12244 --- [http-nio-6240-exec-5] com.usy.personblog.aspect.LogAspect      : ---deAfter
2020-11-07 18:08:17.984  INFO 12244 --- [http-nio-6240-exec-9] com.usy.personblog.aspect.LogAspect      : Request : RequestLog{url='http://localhost:6240/', ip='null', classMethod='com.usy.personblog.controller.indexController.getBlogList', args=[1, 6, {blog=Blog{id=null, user=null, appreciation=null, commentable=null, createTime=null, firstPicture='null', flag='null', published=null, recommend=null, shareStatement=null, title='null', updateTime=null, views=null, typeId=null, userId=null, tagIds='null', description='null', content='null', type=null, tags=[]}, org.springframework.validation.BindingResult.blog=org.springframework.validation.BeanPropertyBindingResult: 0 errors}, Blog{id=null, user=null, appreciation=null, commentable=null, createTime=null, firstPicture='null', flag='null', published=null, recommend=null, shareStatement=null, title='null', updateTime=null, views=null, typeId=null, userId=null, tagIds='null', description='null', content='null', type=null, tags=[]}]}
2020-11-07 18:08:18.019  INFO 12244 --- [http-nio-6240-exec-9] com.usy.personblog.aspect.LogAspect      : Result : index
2020-11-07 18:08:18.019  INFO 12244 --- [http-nio-6240-exec-9] com.usy.personblog.aspect.LogAspect      : ---deAfter
2020-11-07 18:08:19.408  INFO 12244 --- [http-nio-6240-exec-2] com.usy.personblog.aspect.LogAspect      : Request : RequestLog{url='http://localhost:6240/blog/types/-1', ip='null', classMethod='com.usy.personblog.controller.TypeController.blogType', args=[1, 4, -1, {}]}
2020-11-07 18:08:19.427  INFO 12244 --- [http-nio-6240-exec-2] com.usy.personblog.aspect.LogAspect      : Result : types
2020-11-07 18:08:19.427  INFO 12244 --- [http-nio-6240-exec-2] com.usy.personblog.aspect.LogAspect      : ---deAfter
2020-11-07 18:08:31.440  INFO 12244 --- [http-nio-6240-exec-7] com.usy.personblog.aspect.LogAspect      : Request : RequestLog{url='http://localhost:6240/', ip='null', classMethod='com.usy.personblog.controller.indexController.getBlogList', args=[1, 6, {blog=Blog{id=null, user=null, appreciation=null, commentable=null, createTime=null, firstPicture='null', flag='null', published=null, recommend=null, shareStatement=null, title='null', updateTime=null, views=null, typeId=null, userId=null, tagIds='null', description='null', content='null', type=null, tags=[]}, org.springframework.validation.BindingResult.blog=org.springframework.validation.BeanPropertyBindingResult: 0 errors}, Blog{id=null, user=null, appreciation=null, commentable=null, createTime=null, firstPicture='null', flag='null', published=null, recommend=null, shareStatement=null, title='null', updateTime=null, views=null, typeId=null, userId=null, tagIds='null', description='null', content='null', type=null, tags=[]}]}
2020-11-07 18:08:31.467  INFO 12244 --- [http-nio-6240-exec-7] com.usy.personblog.aspect.LogAspect      : Result : index
2020-11-07 18:08:31.467  INFO 12244 --- [http-nio-6240-exec-7] com.usy.personblog.aspect.LogAspect      : ---deAfter
2020-11-07 18:08:42.771  INFO 12244 --- [http-nio-6240-exec-3] com.usy.personblog.aspect.LogAspect      : Request : RequestLog{url='http://localhost:6240/blog/about', ip='null', classMethod='com.usy.personblog.controller.indexController.about', args=[]}
2020-11-07 18:08:42.772  INFO 12244 --- [http-nio-6240-exec-3] com.usy.personblog.aspect.LogAspect      : Result : about
2020-11-07 18:08:42.772  INFO 12244 --- [http-nio-6240-exec-3] com.usy.personblog.aspect.LogAspect      : ---deAfter
2020-11-07 18:08:51.330  INFO 12244 --- [http-nio-6240-exec-7] com.usy.personblog.aspect.LogAspect      : Request : RequestLog{url='http://localhost:6240/blog/archives', ip='null', classMethod='com.usy.personblog.controller.ArchivesController.blogArchives', args=[1, 6, {}]}
2020-11-07 18:08:51.338  INFO 12244 --- [http-nio-6240-exec-7] com.usy.personblog.aspect.LogAspect      : Result : archives
2020-11-07 18:08:51.338  INFO 12244 --- [http-nio-6240-exec-7] com.usy.personblog.aspect.LogAspect      : ---deAfter
2020-11-07 18:09:01.435  INFO 12244 --- [http-nio-6240-exec-1] com.usy.personblog.aspect.LogAspect      : Request : RequestLog{url='http://localhost:6240/blog/archives/', ip='null', classMethod='com.usy.personblog.controller.ArchivesController.blogArchives', args=[2, 6, {}]}
2020-11-07 18:09:01.440  INFO 12244 --- [http-nio-6240-exec-1] com.usy.personblog.aspect.LogAspect      : Result : archives
2020-11-07 18:09:01.440  INFO 12244 --- [http-nio-6240-exec-1] com.usy.personblog.aspect.LogAspect      : ---deAfter
2020-11-07 18:09:03.996  INFO 12244 --- [http-nio-6240-exec-5] com.usy.personblog.aspect.LogAspect      : Request : RequestLog{url='http://localhost:6240/blog/archives/', ip='null', classMethod='com.usy.personblog.controller.ArchivesController.blogArchives', args=[1, 6, {}]}
2020-11-07 18:09:04.001  INFO 12244 --- [http-nio-6240-exec-5] com.usy.personblog.aspect.LogAspect      : Result : archives
2020-11-07 18:09:04.001  INFO 12244 --- [http-nio-6240-exec-5] com.usy.personblog.aspect.LogAspect      : ---deAfter
2020-11-07 18:09:06.048  INFO 12244 --- [http-nio-6240-exec-9] com.usy.personblog.aspect.LogAspect      : Request : RequestLog{url='http://localhost:6240/', ip='null', classMethod='com.usy.personblog.controller.indexController.getBlogList', args=[1, 6, {blog=Blog{id=null, user=null, appreciation=null, commentable=null, createTime=null, firstPicture='null', flag='null', published=null, recommend=null, shareStatement=null, title='null', updateTime=null, views=null, typeId=null, userId=null, tagIds='null', description='null', content='null', type=null, tags=[]}, org.springframework.validation.BindingResult.blog=org.springframework.validation.BeanPropertyBindingResult: 0 errors}, Blog{id=null, user=null, appreciation=null, commentable=null, createTime=null, firstPicture='null', flag='null', published=null, recommend=null, shareStatement=null, title='null', updateTime=null, views=null, typeId=null, userId=null, tagIds='null', description='null', content='null', type=null, tags=[]}]}
2020-11-07 18:09:06.076  INFO 12244 --- [http-nio-6240-exec-9] com.usy.personblog.aspect.LogAspect      : Result : index
2020-11-07 18:09:06.077  INFO 12244 --- [http-nio-6240-exec-9] com.usy.personblog.aspect.LogAspect      : ---deAfter
2020-11-07 18:09:19.266  INFO 12244 --- [http-nio-6240-exec-2] com.usy.personblog.aspect.LogAspect      : Request : RequestLog{url='http://localhost:6240/blog/types/-1', ip='null', classMethod='com.usy.personblog.controller.TypeController.blogType', args=[1, 4, -1, {}]}
2020-11-07 18:09:19.285  INFO 12244 --- [http-nio-6240-exec-2] com.usy.personblog.aspect.LogAspect      : Result : types
2020-11-07 18:09:19.286  INFO 12244 --- [http-nio-6240-exec-2] com.usy.personblog.aspect.LogAspect      : ---deAfter
2020-11-07 18:09:33.746  INFO 12244 --- [http-nio-6240-exec-7] com.usy.personblog.aspect.LogAspect      : Request : RequestLog{url='http://localhost:6240/blog/tags/-1', ip='null', classMethod='com.usy.personblog.controller.TagController.blogTag', args=[1, 4, -1, {}]}
2020-11-07 18:09:33.767  INFO 12244 --- [http-nio-6240-exec-7] com.usy.personblog.aspect.LogAspect      : Result : tags
2020-11-07 18:09:33.767  INFO 12244 --- [http-nio-6240-exec-7] com.usy.personblog.aspect.LogAspect      : ---deAfter
2020-11-07 18:09:35.432  INFO 12244 --- [http-nio-6240-exec-1] com.usy.personblog.aspect.LogAspect      : Request : RequestLog{url='http://localhost:6240/blog/tags/108', ip='null', classMethod='com.usy.personblog.controller.TagController.blogTag', args=[1, 4, 108, {}]}
2020-11-07 18:09:35.454  INFO 12244 --- [http-nio-6240-exec-1] com.usy.personblog.aspect.LogAspect      : Result : tags
2020-11-07 18:09:35.454  INFO 12244 --- [http-nio-6240-exec-1] com.usy.personblog.aspect.LogAspect      : ---deAfter
2020-11-07 18:09:36.591  INFO 12244 --- [http-nio-6240-exec-5] com.usy.personblog.aspect.LogAspect      : Request : RequestLog{url='http://localhost:6240/blog/tags/118', ip='null', classMethod='com.usy.personblog.controller.TagController.blogTag', args=[1, 4, 118, {}]}
2020-11-07 18:09:36.612  INFO 12244 --- [http-nio-6240-exec-5] com.usy.personblog.aspect.LogAspect      : Result : tags
2020-11-07 18:09:36.613  INFO 12244 --- [http-nio-6240-exec-5] com.usy.personblog.aspect.LogAspect      : ---deAfter
